<?xml version="1.0" encoding="UTF-8"?>
<testsuite name="org.apache.calcite.tools.PlannerTest" time="9.46" tests="39" errors="0" skipped="1" failures="0">
  <properties>
[...]
</properties>
  <testcase name="testPlanWithExplicitTraitDefs" classname="org.apache.calcite.tools.PlannerTest" time="0.004"/>
  <testcase name="testSortPlan" classname="org.apache.calcite.tools.PlannerTest" time="0.004"/>
  <testcase name="testHeuristicLeftJoin" classname="org.apache.calcite.tools.PlannerTest" time="0.032"/>
  <testcase name="testParseFails" classname="org.apache.calcite.tools.PlannerTest" time="0.002"/>
  <testcase name="testMergeProjectForceMode" classname="org.apache.calcite.tools.PlannerTest" time="0.001"/>
  <testcase name="testHiveDialect" classname="org.apache.calcite.tools.PlannerTest" time="0.001"/>
  <testcase name="testOrderByNonSelectColumn" classname="org.apache.calcite.tools.PlannerTest" time="0.004"/>
  <testcase name="testBushy" classname="org.apache.calcite.tools.PlannerTest" time="0.781"/>
  <testcase name="testPlan" classname="org.apache.calcite.tools.PlannerTest" time="0.003"/>
  <testcase name="testMetadataUnionPredicates" classname="org.apache.calcite.tools.PlannerTest" time="0.003"/>
  <testcase name="testBushyCrossJoin2" classname="org.apache.calcite.tools.PlannerTest" time="0.579"/>
  <testcase name="testParseIdentiferMaxLengthWithDefault" classname="org.apache.calcite.tools.PlannerTest" time="0.001"/>
  <testcase name="testHeuristicPushInnerJoin" classname="org.apache.calcite.tools.PlannerTest" time="0.01"/>
  <testcase name="testPlanTransformWithDiffRuleSetAndConvention" classname="org.apache.calcite.tools.PlannerTest" time="0.027"/>
  <testcase name="testMetadataUnionPredicates2" classname="org.apache.calcite.tools.PlannerTest" time="0.017"/>
  <testcase name="testMetadataUnionPredicates3" classname="org.apache.calcite.tools.PlannerTest" time="0.01"/>
  <testcase name="testMetadataUnionPredicates4" classname="org.apache.calcite.tools.PlannerTest" time="0.01"/>
  <testcase name="testMetadataUnionPredicates5" classname="org.apache.calcite.tools.PlannerTest" time="0.004"/>
  <testcase name="testPlanTransformWithRuleNameConflicts" classname="org.apache.calcite.tools.PlannerTest" time="0.018"/>
  <testcase name="testPlanNWayJoin" classname="org.apache.calcite.tools.PlannerTest" time="5.753"/>
  <testcase name="testValidateUserDefinedAggregate" classname="org.apache.calcite.tools.PlannerTest" time="0.006"/>
  <testcase name="testParseAndConvertWithOrderByAndOffset" classname="org.apache.calcite.tools.PlannerTest" time="0.002"/>
  <testcase name="testAlmostBushy" classname="org.apache.calcite.tools.PlannerTest" time="0.873"/>
  <testcase name="testMetadataAggregatePredicates" classname="org.apache.calcite.tools.PlannerTest" time="0.002"/>
  <testcase name="testPlanTransformTwice" classname="org.apache.calcite.tools.PlannerTest" time="0.003"/>
  <testcase name="testConvertWithoutValidateFails" classname="org.apache.calcite.tools.PlannerTest" time="0.001"/>
  <testcase name="testParseAndConvert" classname="org.apache.calcite.tools.PlannerTest" time="0.003"/>
  <testcase name="testOldJoinStyleDeCorrelation" classname="org.apache.calcite.tools.PlannerTest" time="0.011"/>
  <testcase name="testValidateFails" classname="org.apache.calcite.tools.PlannerTest" time="0.002"/>
  <testcase name="testBushy5" classname="org.apache.calcite.tools.PlannerTest" time="0.729"/>
  <testcase name="testHeuristicRightJoin" classname="org.apache.calcite.tools.PlannerTest" time="0.058"/>
  <testcase name="testBushyCrossJoin" classname="org.apache.calcite.tools.PlannerTest" time="0.482"/>
  <testcase name="testMetadataAggregatePredicates2" classname="org.apache.calcite.tools.PlannerTest" time="0.003"/>
  <testcase name="testMetadataAggregatePredicates3" classname="org.apache.calcite.tools.PlannerTest" time="0.002"/>
  <testcase name="testDuplicateSortPlanWithExpr" classname="org.apache.calcite.tools.PlannerTest" time="0.008"/>
  <testcase name="testDuplicateSortPlanWithOver" classname="org.apache.calcite.tools.PlannerTest" time="0">
    <skipped message="RelOptPlanner$CannotPlanException: Node [rel#27:Subset#6.ENUMERABLE.[]] could not be implemented; planner state:&#10;&#10;Root: rel#27:Subset#6.ENUMERABLE.[]"/>
  </testcase>
  <testcase name="testParseIdentiferMaxLengthWithIncreased" classname="org.apache.calcite.tools.PlannerTest" time="0.001"/>
  <testcase name="testDuplicateSortPlan" classname="org.apache.calcite.tools.PlannerTest" time="0.007"/>
  <testcase name="testDuplicateSortPlanWORemoveSortRule" classname="org.apache.calcite.tools.PlannerTest" time="0.003"/>
</testsuite>