<?xml version="1.0" encoding="UTF-8"?>
<testsuite name="org.apache.calcite.sql.test.SqlOperatorTest" time="4.033" tests="175" errors="0" skipped="1" failures="0">
  <properties>
[...]
</properties>
  <testcase name="testIsNotDistinctFromOperator" classname="org.apache.calcite.sql.test.SqlOperatorTest" time="0.026"/>
  <testcase name="testGreaterThanOperatorIntervals" classname="org.apache.calcite.sql.test.SqlOperatorTest" time="0.028"/>
  <testcase name="testCastToExactNumeric" classname="org.apache.calcite.sql.test.SqlOperatorTest" time="0.051"/>
  <testcase name="testTrimFunc" classname="org.apache.calcite.sql.test.SqlOperatorTest" time="0.045"/>
  <testcase name="testLeastFunc" classname="org.apache.calcite.sql.test.SqlOperatorTest" time="0.03"/>
  <testcase name="testRtrimFunc" classname="org.apache.calcite.sql.test.SqlOperatorTest" time="0.004"/>
  <testcase name="testVarSampFunc" classname="org.apache.calcite.sql.test.SqlOperatorTest" time="0.004"/>
  <testcase name="testPercentRankFunc" classname="org.apache.calcite.sql.test.SqlOperatorTest" time="0"/>
  <testcase name="testCharacterLengthFunc" classname="org.apache.calcite.sql.test.SqlOperatorTest" time="0.006"/>
  <testcase name="testDecodeFunc" classname="org.apache.calcite.sql.test.SqlOperatorTest" time="0.038"/>
  <testcase name="testPrefixPlusOperatorIntervals" classname="org.apache.calcite.sql.test.SqlOperatorTest" time="0.021"/>
  <testcase name="testMultiplyOperator" classname="org.apache.calcite.sql.test.SqlOperatorTest" time="0.045"/>
  <testcase name="testPrefixMinusOperator" classname="org.apache.calcite.sql.test.SqlOperatorTest" time="0.017"/>
  <testcase name="testPlusOperator" classname="org.apache.calcite.sql.test.SqlOperatorTest" time="0.03"/>
  <testcase name="testRowNumberFunc" classname="org.apache.calcite.sql.test.SqlOperatorTest" time="0"/>
  <testcase name="testIsNotFalseOperator" classname="org.apache.calcite.sql.test.SqlOperatorTest" time="0.007"/>
  <testcase name="testCeilFuncDateTime" classname="org.apache.calcite.sql.test.SqlOperatorTest" time="0.095"/>
  <testcase name="testConvertFunc" classname="org.apache.calcite.sql.test.SqlOperatorTest" time="0.001"/>
  <testcase name="testEqualsOperator" classname="org.apache.calcite.sql.test.SqlOperatorTest" time="0.099"/>
  <testcase name="testTranslateFunc" classname="org.apache.calcite.sql.test.SqlOperatorTest" time="0"/>
  <testcase name="testExpFunc" classname="org.apache.calcite.sql.test.SqlOperatorTest" time="0.01"/>
  <testcase name="testExtractFuncFromDateTime" classname="org.apache.calcite.sql.test.SqlOperatorTest" time="0.041"/>
  <testcase name="testStddevSampFunc" classname="org.apache.calcite.sql.test.SqlOperatorTest" time="0.007"/>
  <testcase name="testTimestampAdd" classname="org.apache.calcite.sql.test.SqlOperatorTest" time="0.076"/>
  <testcase name="testCastStringToDecimal" classname="org.apache.calcite.sql.test.SqlOperatorTest" time="0"/>
  <testcase name="testLocalTimeFunc" classname="org.apache.calcite.sql.test.SqlOperatorTest" time="0.052"/>
  <testcase name="testEscapeOperator" classname="org.apache.calcite.sql.test.SqlOperatorTest" time="0"/>
  <testcase name="testGreaterThanOrEqualOperator" classname="org.apache.calcite.sql.test.SqlOperatorTest" time="0.132"/>
  <testcase name="testAbsFunc" classname="org.apache.calcite.sql.test.SqlOperatorTest" time="0.076"/>
  <testcase name="testExplicitTableOperator" classname="org.apache.calcite.sql.test.SqlOperatorTest" time="0"/>
  <testcase name="testInOperator" classname="org.apache.calcite.sql.test.SqlOperatorTest" time="0.059"/>
  <testcase name="testCastApproxNumericLimits" classname="org.apache.calcite.sql.test.SqlOperatorTest" time="0"/>
  <testcase name="testGreaterThanOrEqualOperatorIntervals" classname="org.apache.calcite.sql.test.SqlOperatorTest" time="0.031"/>
  <testcase name="testRow" classname="org.apache.calcite.sql.test.SqlOperatorTest" time="0"/>
  <testcase name="testOrOperator" classname="org.apache.calcite.sql.test.SqlOperatorTest" time="0.01"/>
  <testcase name="testSessionUserFunc" classname="org.apache.calcite.sql.test.SqlOperatorTest" time="0.002"/>
  <testcase name="testCovarSampFunc" classname="org.apache.calcite.sql.test.SqlOperatorTest" time="0.006"/>
  <testcase name="testDummy" classname="org.apache.calcite.sql.test.SqlOperatorTest" time="0"/>
  <testcase name="testIsNotUnknownOperator" classname="org.apache.calcite.sql.test.SqlOperatorTest" time="0.011"/>
  <testcase name="testCastIntervalToNumeric" classname="org.apache.calcite.sql.test.SqlOperatorTest" time="0.022"/>
  <testcase name="testLocalTimestampFunc" classname="org.apache.calcite.sql.test.SqlOperatorTest" time="0.02"/>
  <testcase name="testCase" classname="org.apache.calcite.sql.test.SqlOperatorTest" time="0.088"/>
  <testcase name="testOverlayFunc" classname="org.apache.calcite.sql.test.SqlOperatorTest" time="0.036"/>
  <testcase name="testFloorFunc" classname="org.apache.calcite.sql.test.SqlOperatorTest" time="0.018"/>
  <testcase name="testNullIfOperatorIntervals" classname="org.apache.calcite.sql.test.SqlOperatorTest" time="0.019"/>
  <testcase name="testAvgFunc" classname="org.apache.calcite.sql.test.SqlOperatorTest" time="0.016"/>
  <testcase name="testLessThanOrEqualOperatorInterval" classname="org.apache.calcite.sql.test.SqlOperatorTest" time="0.035"/>
  <testcase name="testFloorFuncDateTime" classname="org.apache.calcite.sql.test.SqlOperatorTest" time="0.036"/>
  <testcase name="testCurrentPathFunc" classname="org.apache.calcite.sql.test.SqlOperatorTest" time="0.002"/>
  <testcase name="testLiteralBeyondLimit" classname="org.apache.calcite.sql.test.SqlOperatorTest" time="0.009"/>
  <testcase name="testLiteralChain" classname="org.apache.calcite.sql.test.SqlOperatorTest" time="0.015"/>
  <testcase name="testCastWithRoundingToScalar" classname="org.apache.calcite.sql.test.SqlOperatorTest" time="0.007"/>
  <testcase name="testFirstValueFunc" classname="org.apache.calcite.sql.test.SqlOperatorTest" time="0"/>
  <testcase name="testNotOperator" classname="org.apache.calcite.sql.test.SqlOperatorTest" time="0.01"/>
  <testcase name="testExtractIntervalDayTime" classname="org.apache.calcite.sql.test.SqlOperatorTest" time="0.03"/>
  <testcase name="testLastValueFunc" classname="org.apache.calcite.sql.test.SqlOperatorTest" time="0"/>
  <testcase name="testAbsFuncIntervals" classname="org.apache.calcite.sql.test.SqlOperatorTest" time="0.011"/>
  <testcase name="testCumeDistFunc" classname="org.apache.calcite.sql.test.SqlOperatorTest" time="0"/>
  <testcase name="testLikeEscape2" classname="org.apache.calcite.sql.test.SqlOperatorTest" time="0">
    <skipped message="[CALCITE-525] Exception-handling in built-in functions"/>
  </testcase>
  <testcase name="testBetween" classname="org.apache.calcite.sql.test.SqlOperatorTest" time="0.073"/>
  <testcase name="testExistsOperator" classname="org.apache.calcite.sql.test.SqlOperatorTest" time="0"/>
  <testcase name="testMinusDateOperator" classname="org.apache.calcite.sql.test.SqlOperatorTest" time="0.074"/>
  <testcase name="testOrOperatorLazy" classname="org.apache.calcite.sql.test.SqlOperatorTest" time="0.011"/>
  <testcase name="testInitcapFunc" classname="org.apache.calcite.sql.test.SqlOperatorTest" time="0.012"/>
  <testcase name="testCurrentDateFunc" classname="org.apache.calcite.sql.test.SqlOperatorTest" time="0.022"/>
  <testcase name="testCharLengthFunc" classname="org.apache.calcite.sql.test.SqlOperatorTest" time="0.004"/>
  <testcase name="testTimestampDiff" classname="org.apache.calcite.sql.test.SqlOperatorTest" time="0.113"/>
  <testcase name="testGreatestFunc" classname="org.apache.calcite.sql.test.SqlOperatorTest" time="0.013"/>
  <testcase name="testCeilFunc" classname="org.apache.calcite.sql.test.SqlOperatorTest" time="0.015"/>
  <testcase name="testDenseRankFunc" classname="org.apache.calcite.sql.test.SqlOperatorTest" time="0"/>
  <testcase name="testCastToInterval" classname="org.apache.calcite.sql.test.SqlOperatorTest" time="0.039"/>
  <testcase name="testSqrtFunc" classname="org.apache.calcite.sql.test.SqlOperatorTest" time="0.023"/>
  <testcase name="testLessThanOrEqualOperator" classname="org.apache.calcite.sql.test.SqlOperatorTest" time="0.077"/>
  <testcase name="testCastExactNumericLimits" classname="org.apache.calcite.sql.test.SqlOperatorTest" time="0.023"/>
  <testcase name="testDatePlusInterval" classname="org.apache.calcite.sql.test.SqlOperatorTest" time="0.022"/>
  <testcase name="testCastDateTime" classname="org.apache.calcite.sql.test.SqlOperatorTest" time="0.056"/>
  <testcase name="testLogFunc" classname="org.apache.calcite.sql.test.SqlOperatorTest" time="0.028"/>
  <testcase name="testNotInOperator" classname="org.apache.calcite.sql.test.SqlOperatorTest" time="0.005"/>
  <testcase name="testCurrentTimeFunc" classname="org.apache.calcite.sql.test.SqlOperatorTest" time="0.025"/>
  <testcase name="testConcatOperator" classname="org.apache.calcite.sql.test.SqlOperatorTest" time="0.02"/>
  <testcase name="testElementFunc" classname="org.apache.calcite.sql.test.SqlOperatorTest" time="0"/>
  <testcase name="testCastTruncates" classname="org.apache.calcite.sql.test.SqlOperatorTest" time="0.015"/>
  <testcase name="testModFuncDivByZero" classname="org.apache.calcite.sql.test.SqlOperatorTest" time="0.001"/>
  <testcase name="testLowerFunc" classname="org.apache.calcite.sql.test.SqlOperatorTest" time="0.017"/>
  <testcase name="testAndOperator" classname="org.apache.calcite.sql.test.SqlOperatorTest" time="0.015"/>
  <testcase name="testCardinalityFunc" classname="org.apache.calcite.sql.test.SqlOperatorTest" time="0"/>
  <testcase name="testLikeOperator" classname="org.apache.calcite.sql.test.SqlOperatorTest" time="0.045"/>
  <testcase name="testFusionFunc" classname="org.apache.calcite.sql.test.SqlOperatorTest" time="0"/>
  <testcase name="testLessThanOperatorInterval" classname="org.apache.calcite.sql.test.SqlOperatorTest" time="0.001"/>
  <testcase name="testLtrimFunc" classname="org.apache.calcite.sql.test.SqlOperatorTest" time="0.003"/>
  <testcase name="testQuarter" classname="org.apache.calcite.sql.test.SqlOperatorTest" time="0.082"/>
  <testcase name="testLiteralAtLimit" classname="org.apache.calcite.sql.test.SqlOperatorTest" time="0"/>
  <testcase name="testSqlOperatorOverloading" classname="org.apache.calcite.sql.test.SqlOperatorTest" time="0"/>
  <testcase name="testCastDecimalToDoubleToInteger" classname="org.apache.calcite.sql.test.SqlOperatorTest" time="0.006"/>
  <testcase name="testExtractTimestamp" classname="org.apache.calcite.sql.test.SqlOperatorTest" time="0.05"/>
  <testcase name="testUserFunc" classname="org.apache.calcite.sql.test.SqlOperatorTest" time="0.005"/>
  <testcase name="testMaxFunc" classname="org.apache.calcite.sql.test.SqlOperatorTest" time="0.004"/>
  <testcase name="testCovarPopFunc" classname="org.apache.calcite.sql.test.SqlOperatorTest" time="0.003"/>
  <testcase name="testMapValueConstructor" classname="org.apache.calcite.sql.test.SqlOperatorTest" time="0.006"/>
  <testcase name="testPrefixPlusOperator" classname="org.apache.calcite.sql.test.SqlOperatorTest" time="0.008"/>
  <testcase name="testIsNotTrueOperator" classname="org.apache.calcite.sql.test.SqlOperatorTest" time="0.013"/>
  <testcase name="testPrefixMinusOperatorIntervals" classname="org.apache.calcite.sql.test.SqlOperatorTest" time="0.022"/>
  <testcase name="testCastToString" classname="org.apache.calcite.sql.test.SqlOperatorTest" time="0.335"/>
  <testcase name="testMinFunc" classname="org.apache.calcite.sql.test.SqlOperatorTest" time="0.005"/>
  <testcase name="testLessThanOperator" classname="org.apache.calcite.sql.test.SqlOperatorTest" time="0.045"/>
  <testcase name="testVarPopFunc" classname="org.apache.calcite.sql.test.SqlOperatorTest" time="0.007"/>
  <testcase name="testCaseNull" classname="org.apache.calcite.sql.test.SqlOperatorTest" time="0.005"/>
  <testcase name="testCaseType" classname="org.apache.calcite.sql.test.SqlOperatorTest" time="0.012"/>
  <testcase name="testCastNull" classname="org.apache.calcite.sql.test.SqlOperatorTest" time="0.018"/>
  <testcase name="testIsNotNullOperator" classname="org.apache.calcite.sql.test.SqlOperatorTest" time="0.004"/>
  <testcase name="testNotSimilarToOperator" classname="org.apache.calcite.sql.test.SqlOperatorTest" time="0.019"/>
  <testcase name="testIsASetOperator" classname="org.apache.calcite.sql.test.SqlOperatorTest" time="0"/>
  <testcase name="testSubstringFunction" classname="org.apache.calcite.sql.test.SqlOperatorTest" time="0.009"/>
  <testcase name="testNotEqualsOperatorIntervals" classname="org.apache.calcite.sql.test.SqlOperatorTest" time="0.009"/>
  <testcase name="testModFunc" classname="org.apache.calcite.sql.test.SqlOperatorTest" time="0.018"/>
  <testcase name="testDivideOperator" classname="org.apache.calcite.sql.test.SqlOperatorTest" time="0.017"/>
  <testcase name="testUpperFunc" classname="org.apache.calcite.sql.test.SqlOperatorTest" time="0.009"/>
  <testcase name="testMultiplyIntervals" classname="org.apache.calcite.sql.test.SqlOperatorTest" time="0.02"/>
  <testcase name="testRankFunc" classname="org.apache.calcite.sql.test.SqlOperatorTest" time="0"/>
  <testcase name="testArgumentBounds" classname="org.apache.calcite.sql.test.SqlOperatorTest" time="0"/>
  <testcase name="testCastToApproxNumeric" classname="org.apache.calcite.sql.test.SqlOperatorTest" time="0.018"/>
  <testcase name="testAndOperatorLazy" classname="org.apache.calcite.sql.test.SqlOperatorTest" time="0.003"/>
  <testcase name="testPositionFunc" classname="org.apache.calcite.sql.test.SqlOperatorTest" time="0.012"/>
  <testcase name="testDivideOperatorIntervals" classname="org.apache.calcite.sql.test.SqlOperatorTest" time="0.026"/>
  <testcase name="testCastIntervalToInterval" classname="org.apache.calcite.sql.test.SqlOperatorTest" time="0.025"/>
  <testcase name="testCastToBoolean" classname="org.apache.calcite.sql.test.SqlOperatorTest" time="0.01"/>
  <testcase name="testExtractDate" classname="org.apache.calcite.sql.test.SqlOperatorTest" time="0.033"/>
  <testcase name="testExtractFunc" classname="org.apache.calcite.sql.test.SqlOperatorTest" time="0.031"/>
  <testcase name="testCollectFunc" classname="org.apache.calcite.sql.test.SqlOperatorTest" time="0.008"/>
  <testcase name="testPlusIntervalOperator" classname="org.apache.calcite.sql.test.SqlOperatorTest" time="0.04"/>
  <testcase name="testMinusOperator" classname="org.apache.calcite.sql.test.SqlOperatorTest" time="0.03"/>
  <testcase name="testCurrentTimestampFunc" classname="org.apache.calcite.sql.test.SqlOperatorTest" time="0.014"/>
  <testcase name="testSystemUserFunc" classname="org.apache.calcite.sql.test.SqlOperatorTest" time="0.001"/>
  <testcase name="testMinusIntervalOperator" classname="org.apache.calcite.sql.test.SqlOperatorTest" time="0.057"/>
  <testcase name="testNotEqualsOperator" classname="org.apache.calcite.sql.test.SqlOperatorTest" time="0.017"/>
  <testcase name="testCeilFuncInterval" classname="org.apache.calcite.sql.test.SqlOperatorTest" time="0"/>
  <testcase name="testSimilarToOperator" classname="org.apache.calcite.sql.test.SqlOperatorTest" time="0.201"/>
  <testcase name="testEqualsOperatorInterval" classname="org.apache.calcite.sql.test.SqlOperatorTest" time="0.012"/>
  <testcase name="testCoalesceFunc" classname="org.apache.calcite.sql.test.SqlOperatorTest" time="0.005"/>
  <testcase name="testArrayValueConstructor" classname="org.apache.calcite.sql.test.SqlOperatorTest" time="0.005"/>
  <testcase name="testStddevPopFunc" classname="org.apache.calcite.sql.test.SqlOperatorTest" time="0.006"/>
  <testcase name="testItemOp" classname="org.apache.calcite.sql.test.SqlOperatorTest" time="0.051"/>
  <testcase name="testJdbcFn" classname="org.apache.calcite.sql.test.SqlOperatorTest" time="0.067"/>
  <testcase name="testOverlapsOperator" classname="org.apache.calcite.sql.test.SqlOperatorTest" time="0"/>
  <testcase name="testCastStringToDateTime" classname="org.apache.calcite.sql.test.SqlOperatorTest" time="0.092"/>
  <testcase name="testPowerFunc" classname="org.apache.calcite.sql.test.SqlOperatorTest" time="0.011"/>
  <testcase name="testLnFunc" classname="org.apache.calcite.sql.test.SqlOperatorTest" time="0.006"/>
  <testcase name="testIsFalseOperator" classname="org.apache.calcite.sql.test.SqlOperatorTest" time="0.006"/>
  <testcase name="testIsTrueOperator" classname="org.apache.calcite.sql.test.SqlOperatorTest" time="0.006"/>
  <testcase name="testValuesOperator" classname="org.apache.calcite.sql.test.SqlOperatorTest" time="0.001"/>
  <testcase name="testIsNullOperator" classname="org.apache.calcite.sql.test.SqlOperatorTest" time="0.003"/>
  <testcase name="testSelect" classname="org.apache.calcite.sql.test.SqlOperatorTest" time="0"/>
  <testcase name="testGreaterThanOperator" classname="org.apache.calcite.sql.test.SqlOperatorTest" time="0.055"/>
  <testcase name="testAndOperator2" classname="org.apache.calcite.sql.test.SqlOperatorTest" time="0.016"/>
  <testcase name="testModFuncNull" classname="org.apache.calcite.sql.test.SqlOperatorTest" time="0.004"/>
  <testcase name="testRegrSxxFunc" classname="org.apache.calcite.sql.test.SqlOperatorTest" time="0.003"/>
  <testcase name="testCurrentRoleFunc" classname="org.apache.calcite.sql.test.SqlOperatorTest" time="0.007"/>
  <testcase name="testCurrentUserFunc" classname="org.apache.calcite.sql.test.SqlOperatorTest" time="0.001"/>
  <testcase name="testMemberOfOperator" classname="org.apache.calcite.sql.test.SqlOperatorTest" time="0"/>
  <testcase name="testWindow" classname="org.apache.calcite.sql.test.SqlOperatorTest" time="0"/>
  <testcase name="testRegrSyyFunc" classname="org.apache.calcite.sql.test.SqlOperatorTest" time="0.003"/>
  <testcase name="testNullifFunc" classname="org.apache.calcite.sql.test.SqlOperatorTest" time="0.049"/>
  <testcase name="testNotLikeOperator" classname="org.apache.calcite.sql.test.SqlOperatorTest" time="0.002"/>
  <testcase name="testExtractIntervalYearMonth" classname="org.apache.calcite.sql.test.SqlOperatorTest" time="0.025"/>
  <testcase name="testPlusOperatorAny" classname="org.apache.calcite.sql.test.SqlOperatorTest" time="0.003"/>
  <testcase name="testNvlFunc" classname="org.apache.calcite.sql.test.SqlOperatorTest" time="0.024"/>
  <testcase name="testTranslate3Func" classname="org.apache.calcite.sql.test.SqlOperatorTest" time="0.016"/>
  <testcase name="testCountFunc" classname="org.apache.calcite.sql.test.SqlOperatorTest" time="0.033"/>
  <testcase name="testSumFunc" classname="org.apache.calcite.sql.test.SqlOperatorTest" time="0.006"/>
  <testcase name="testIsDistinctFromOperator" classname="org.apache.calcite.sql.test.SqlOperatorTest" time="0.021"/>
  <testcase name="testLikeEscape" classname="org.apache.calcite.sql.test.SqlOperatorTest" time="0.02"/>
  <testcase name="testDescendingOperator" classname="org.apache.calcite.sql.test.SqlOperatorTest" time="0"/>
  <testcase name="testFloorFuncInterval" classname="org.apache.calcite.sql.test.SqlOperatorTest" time="0"/>
  <testcase name="testIsUnknownOperator" classname="org.apache.calcite.sql.test.SqlOperatorTest" time="0.007"/>
  <testcase name="testNotBetween" classname="org.apache.calcite.sql.test.SqlOperatorTest" time="0.024"/>
</testsuite>