<?xml version="1.0" encoding="UTF-8"?>
<testsuite name="org.apache.calcite.test.SqlToRelConverterTest" time="8.874" tests="223" errors="0" skipped="1" failures="0">
  <properties>
[...]
</properties>
  <testcase name="testWithInsideWhereExistsRex" classname="org.apache.calcite.test.SqlToRelConverterTest" time="0.061"/>
  <testcase name="testSampleBernoulliQuery" classname="org.apache.calcite.test.SqlToRelConverterTest" time="0.05"/>
  <testcase name="testOrderByAlias" classname="org.apache.calcite.test.SqlToRelConverterTest" time="0.038"/>
  <testcase name="testElement" classname="org.apache.calcite.test.SqlToRelConverterTest" time="0.023"/>
  <testcase name="testAggCaseInSubQuery" classname="org.apache.calcite.test.SqlToRelConverterTest" time="0.023"/>
  <testcase name="testAliasList" classname="org.apache.calcite.test.SqlToRelConverterTest" time="0.051"/>
  <testcase name="testIntegerLiteral" classname="org.apache.calcite.test.SqlToRelConverterTest" time="0.042"/>
  <testcase name="testOrderBySameExpr" classname="org.apache.calcite.test.SqlToRelConverterTest" time="0.012"/>
  <testcase name="testSampleBernoulli" classname="org.apache.calcite.test.SqlToRelConverterTest" time="0.017"/>
  <testcase name="testOffset0" classname="org.apache.calcite.test.SqlToRelConverterTest" time="0.027"/>
  <testcase name="testIsDistinctFrom" classname="org.apache.calcite.test.SqlToRelConverterTest" time="0.026"/>
  <testcase name="testDuplicateGroupingSets" classname="org.apache.calcite.test.SqlToRelConverterTest" time="0.028"/>
  <testcase name="testGroupingFunctionWithGroupBy" classname="org.apache.calcite.test.SqlToRelConverterTest" time="0.034"/>
  <testcase name="testIdenticalExpressionInSubQuery" classname="org.apache.calcite.test.SqlToRelConverterTest" time="0.033"/>
  <testcase name="testNotExistsCorrelated" classname="org.apache.calcite.test.SqlToRelConverterTest" time="0.032"/>
  <testcase name="testReferDynamicStarInSelectOB" classname="org.apache.calcite.test.SqlToRelConverterTest" time="0.021"/>
  <testcase name="testNestedCorrelations" classname="org.apache.calcite.test.SqlToRelConverterTest" time="0.03"/>
  <testcase name="testLateralDecorrelateRex" classname="org.apache.calcite.test.SqlToRelConverterTest" time="0.043"/>
  <testcase name="testNestedCorrelationsDecorrelated" classname="org.apache.calcite.test.SqlToRelConverterTest" time="0.033"/>
  <testcase name="testDeleteWhere" classname="org.apache.calcite.test.SqlToRelConverterTest" time="0.036"/>
  <testcase name="testCorrelatedSubQueryInJoin" classname="org.apache.calcite.test.SqlToRelConverterTest" time="0.024"/>
  <testcase name="testNestedAggregates" classname="org.apache.calcite.test.SqlToRelConverterTest" time="0.034"/>
  <testcase name="testJoinNaturalMultipleCommonColumn" classname="org.apache.calcite.test.SqlToRelConverterTest" time="0.054"/>
  <testcase name="testGroupingSetsCartesianProduct" classname="org.apache.calcite.test.SqlToRelConverterTest" time="0.043"/>
  <testcase name="testLateralDecorrelate" classname="org.apache.calcite.test.SqlToRelConverterTest" time="0.02"/>
  <testcase name="testHavingAggrFunctionIn" classname="org.apache.calcite.test.SqlToRelConverterTest" time="0.022"/>
  <testcase name="testStructTypeWithSelectFieldNameDotStar" classname="org.apache.calcite.test.SqlToRelConverterTest" time="0.253"/>
  <testcase name="testWindowAverageWithGroupBy" classname="org.apache.calcite.test.SqlToRelConverterTest" time="0.253"/>
  <testcase name="testExistsCorrelatedDecorrelateRex" classname="org.apache.calcite.test.SqlToRelConverterTest" time="0.236"/>
  <testcase name="testWithUnionOrder" classname="org.apache.calcite.test.SqlToRelConverterTest" time="0.027"/>
  <testcase name="testStructTypeWithSelectStar" classname="org.apache.calcite.test.SqlToRelConverterTest" time="0.009"/>
  <testcase name="testStreamGroupBy" classname="org.apache.calcite.test.SqlToRelConverterTest" time="0.057"/>
  <testcase name="testGroupingSetsCartesianProduct2" classname="org.apache.calcite.test.SqlToRelConverterTest" time="0.019"/>
  <testcase name="testCorrelationNotExistsAndFilter" classname="org.apache.calcite.test.SqlToRelConverterTest" time="0.048"/>
  <testcase name="testMultisetOfColumns" classname="org.apache.calcite.test.SqlToRelConverterTest" time="0.018"/>
  <testcase name="testJoinOnExpression" classname="org.apache.calcite.test.SqlToRelConverterTest" time="0.011"/>
  <testcase name="testWhereInCorrelated" classname="org.apache.calcite.test.SqlToRelConverterTest" time="0.055"/>
  <testcase name="testOverAvg" classname="org.apache.calcite.test.SqlToRelConverterTest" time="0.055"/>
  <testcase name="testOrderByAliasOverrides" classname="org.apache.calcite.test.SqlToRelConverterTest" time="0.009"/>
  <testcase name="testJoinNatural" classname="org.apache.calcite.test.SqlToRelConverterTest" time="0.008"/>
  <testcase name="testCollectionTableWithCursorParam" classname="org.apache.calcite.test.SqlToRelConverterTest" time="0.02"/>
  <testcase name="testDynamicStarInTableJoin" classname="org.apache.calcite.test.SqlToRelConverterTest" time="0.026"/>
  <testcase name="testOrderByOrdinalDesc" classname="org.apache.calcite.test.SqlToRelConverterTest" time="0.044"/>
  <testcase name="testCorrelationExistsAndFilter" classname="org.apache.calcite.test.SqlToRelConverterTest" time="0.018"/>
  <testcase name="testUpdateWhere" classname="org.apache.calcite.test.SqlToRelConverterTest" time="0.027"/>
  <testcase name="testOverCountStar" classname="org.apache.calcite.test.SqlToRelConverterTest" time="0.035"/>
  <testcase name="testFetch" classname="org.apache.calcite.test.SqlToRelConverterTest" time="0.019"/>
  <testcase name="testGroup" classname="org.apache.calcite.test.SqlToRelConverterTest" time="0.03"/>
  <testcase name="testLarge" classname="org.apache.calcite.test.SqlToRelConverterTest" time="1.531"/>
  <testcase name="testMerge" classname="org.apache.calcite.test.SqlToRelConverterTest" time="0">
    <skipped message="CALCITE-985"/>
  </testcase>
  <testcase name="testValuesUsing" classname="org.apache.calcite.test.SqlToRelConverterTest" time="0.023"/>
  <testcase name="testOrder" classname="org.apache.calcite.test.SqlToRelConverterTest" time="0.025"/>
  <testcase name="testUnion" classname="org.apache.calcite.test.SqlToRelConverterTest" time="0.026"/>
  <testcase name="testOrderByAliasDoesNotOverride" classname="org.apache.calcite.test.SqlToRelConverterTest" time="0"/>
  <testcase name="testCase" classname="org.apache.calcite.test.SqlToRelConverterTest" time="0.024"/>
  <testcase name="testCube" classname="org.apache.calcite.test.SqlToRelConverterTest" time="0.023"/>
  <testcase name="testWith" classname="org.apache.calcite.test.SqlToRelConverterTest" time="0.021"/>
  <testcase name="testCorrelatedSubQueryInAggregate" classname="org.apache.calcite.test.SqlToRelConverterTest" time="0.02"/>
  <testcase name="testGrpByColFromStarInSubQuery" classname="org.apache.calcite.test.SqlToRelConverterTest" time="0.021"/>
  <testcase name="testExistsCorrelated" classname="org.apache.calcite.test.SqlToRelConverterTest" time="0.021"/>
  <testcase name="testNotInUncorrelatedSubQueryInSelectRex" classname="org.apache.calcite.test.SqlToRelConverterTest" time="0.019"/>
  <testcase name="testOverMultiple" classname="org.apache.calcite.test.SqlToRelConverterTest" time="0.02"/>
  <testcase name="testIntervalLiteralYearToMonth" classname="org.apache.calcite.test.SqlToRelConverterTest" time="0.02"/>
  <testcase name="testCorrelationJoin" classname="org.apache.calcite.test.SqlToRelConverterTest" time="0.02"/>
  <testcase name="testNotInUncorrelatedSubQueryRex" classname="org.apache.calcite.test.SqlToRelConverterTest" time="0.022"/>
  <testcase name="testJoinUsingCompound" classname="org.apache.calcite.test.SqlToRelConverterTest" time="0.021"/>
  <testcase name="testStreamWindowedAggregation" classname="org.apache.calcite.test.SqlToRelConverterTest" time="0.019"/>
  <testcase name="testExistsCorrelatedLimit" classname="org.apache.calcite.test.SqlToRelConverterTest" time="0.021"/>
  <testcase name="testTableExtend" classname="org.apache.calcite.test.SqlToRelConverterTest" time="0.023"/>
  <testcase name="testIntervalLiteralHourToMinute" classname="org.apache.calcite.test.SqlToRelConverterTest" time="0.024"/>
  <testcase name="testExplicitTable" classname="org.apache.calcite.test.SqlToRelConverterTest" time="0.022"/>
  <testcase name="testNestedCorrelationsDecorrelatedRex" classname="org.apache.calcite.test.SqlToRelConverterTest" time="0.02"/>
  <testcase name="testUncorrelatedScalarSubQueryInGroupOrderRex" classname="org.apache.calcite.test.SqlToRelConverterTest" time="0.02"/>
  <testcase name="testJoinOnIn" classname="org.apache.calcite.test.SqlToRelConverterTest" time="0.02"/>
  <testcase name="testUncorrelatedScalarSubQueryInOrderRex" classname="org.apache.calcite.test.SqlToRelConverterTest" time="0.021"/>
  <testcase name="testGroupingFunction" classname="org.apache.calcite.test.SqlToRelConverterTest" time="0.021"/>
  <testcase name="testJoinUnnestRex" classname="org.apache.calcite.test.SqlToRelConverterTest" time="0.033"/>
  <testcase name="testSelectStarFromDynamicTable" classname="org.apache.calcite.test.SqlToRelConverterTest" time="0.012"/>
  <testcase name="testGroupingSetsWith" classname="org.apache.calcite.test.SqlToRelConverterTest" time="0.022"/>
  <testcase name="testConditionOffByOneReversed" classname="org.apache.calcite.test.SqlToRelConverterTest" time="0.217"/>
  <testcase name="testStructType" classname="org.apache.calcite.test.SqlToRelConverterTest" time="0.198"/>
  <testcase name="testGroupByWithDuplicates" classname="org.apache.calcite.test.SqlToRelConverterTest" time="0.015"/>
  <testcase name="testSampleQuery" classname="org.apache.calcite.test.SqlToRelConverterTest" time="0.017"/>
  <testcase name="testLateral" classname="org.apache.calcite.test.SqlToRelConverterTest" time="0.021"/>
  <testcase name="testAggFilter" classname="org.apache.calcite.test.SqlToRelConverterTest" time="0.022"/>
  <testcase name="testGroupBug281" classname="org.apache.calcite.test.SqlToRelConverterTest" time="0.021"/>
  <testcase name="testElementInValues" classname="org.apache.calcite.test.SqlToRelConverterTest" time="0.023"/>
  <testcase name="testSubQueryAggregateFunctionFollowedBySimpleOperation" classname="org.apache.calcite.test.SqlToRelConverterTest" time="0.025"/>
  <testcase name="testUnnestSubQuery" classname="org.apache.calcite.test.SqlToRelConverterTest" time="0.021"/>
  <testcase name="testNotInUncorrelatedSubQuery" classname="org.apache.calcite.test.SqlToRelConverterTest" time="0.019"/>
  <testcase name="testOrderByOrdinalInExpr" classname="org.apache.calcite.test.SqlToRelConverterTest" time="0.021"/>
  <testcase name="testOrderDistinct" classname="org.apache.calcite.test.SqlToRelConverterTest" time="0.022"/>
  <testcase name="testSampleSystemQuery" classname="org.apache.calcite.test.SqlToRelConverterTest" time="0.023"/>
  <testcase name="testDynamicStarInJoinAndSubQ" classname="org.apache.calcite.test.SqlToRelConverterTest" time="0.023"/>
  <testcase name="testNotInUncorrelatedSubQueryInSelect" classname="org.apache.calcite.test.SqlToRelConverterTest" time="0.023"/>
  <testcase name="testUnionInFrom" classname="org.apache.calcite.test.SqlToRelConverterTest" time="0.022"/>
  <testcase name="testCollectionTableWithLateral2" classname="org.apache.calcite.test.SqlToRelConverterTest" time="0.021"/>
  <testcase name="testWindowAggWithGroupByAndJoin" classname="org.apache.calcite.test.SqlToRelConverterTest" time="0.021"/>
  <testcase name="testOrderByNegativeOrdinal" classname="org.apache.calcite.test.SqlToRelConverterTest" time="0.019"/>
  <testcase name="testUnionSubQuery" classname="org.apache.calcite.test.SqlToRelConverterTest" time="0.021"/>
  <testcase name="testCharLength" classname="org.apache.calcite.test.SqlToRelConverterTest" time="0.021"/>
  <testcase name="testStarJoinStaticDynTable" classname="org.apache.calcite.test.SqlToRelConverterTest" time="0.019"/>
  <testcase name="testInValueListShort" classname="org.apache.calcite.test.SqlToRelConverterTest" time="0.019"/>
  <testcase name="testSelectDistinct" classname="org.apache.calcite.test.SqlToRelConverterTest" time="0.02"/>
  <testcase name="testOrderGroup" classname="org.apache.calcite.test.SqlToRelConverterTest" time="0.02"/>
  <testcase name="testOrderUnion" classname="org.apache.calcite.test.SqlToRelConverterTest" time="0.02"/>
  <testcase name="testOrderOffsetFetch" classname="org.apache.calcite.test.SqlToRelConverterTest" time="0.02"/>
  <testcase name="testAggregateNoGroup" classname="org.apache.calcite.test.SqlToRelConverterTest" time="0.019"/>
  <testcase name="testSortWithTrim" classname="org.apache.calcite.test.SqlToRelConverterTest" time="0.021"/>
  <testcase name="testSelStarOrderBy" classname="org.apache.calcite.test.SqlToRelConverterTest" time="0.019"/>
  <testcase name="testRollupSimple" classname="org.apache.calcite.test.SqlToRelConverterTest" time="0.02"/>
  <testcase name="testWithInsideWhereExists" classname="org.apache.calcite.test.SqlToRelConverterTest" time="0.021"/>
  <testcase name="testJoinUsing" classname="org.apache.calcite.test.SqlToRelConverterTest" time="0.02"/>
  <testcase name="testAggCaseSubQuery" classname="org.apache.calcite.test.SqlToRelConverterTest" time="0.019"/>
  <testcase name="testRollupTuples" classname="org.apache.calcite.test.SqlToRelConverterTest" time="0.019"/>
  <testcase name="testUnionValues" classname="org.apache.calcite.test.SqlToRelConverterTest" time="0.02"/>
  <testcase name="testOverOrderFollowingWindow" classname="org.apache.calcite.test.SqlToRelConverterTest" time="0.04"/>
  <testcase name="testInsertView" classname="org.apache.calcite.test.SqlToRelConverterTest" time="0.021"/>
  <testcase name="testCorrelationScalarAggAndFilterRex" classname="org.apache.calcite.test.SqlToRelConverterTest" time="0.188"/>
  <testcase name="testCollectionTableWithLateral" classname="org.apache.calcite.test.SqlToRelConverterTest" time="0.189"/>
  <testcase name="testInUncorrelatedSubQueryRex" classname="org.apache.calcite.test.SqlToRelConverterTest" time="0.02"/>
  <testcase name="testWithInsideWhereExistsDecorrelate" classname="org.apache.calcite.test.SqlToRelConverterTest" time="0.02"/>
  <testcase name="testCountNoGroup" classname="org.apache.calcite.test.SqlToRelConverterTest" time="0.021"/>
  <testcase name="testOrderUnionOrdinal" classname="org.apache.calcite.test.SqlToRelConverterTest" time="0.021"/>
  <testcase name="testUnionAll" classname="org.apache.calcite.test.SqlToRelConverterTest" time="0.02"/>
  <testcase name="testHavingInSubQueryWithAggrFunction" classname="org.apache.calcite.test.SqlToRelConverterTest" time="0.032"/>
  <testcase name="testUnnestArray" classname="org.apache.calcite.test.SqlToRelConverterTest" time="0.011"/>
  <testcase name="testOrderByOver" classname="org.apache.calcite.test.SqlToRelConverterTest" time="0.021"/>
  <testcase name="testInToSemiJoin" classname="org.apache.calcite.test.SqlToRelConverterTest" time="0.04"/>
  <testcase name="testOrderUnionExprs" classname="org.apache.calcite.test.SqlToRelConverterTest" time="0.02"/>
  <testcase name="testGroupAlias" classname="org.apache.calcite.test.SqlToRelConverterTest" time="0.02"/>
  <testcase name="testGroupEmpty" classname="org.apache.calcite.test.SqlToRelConverterTest" time="0.022"/>
  <testcase name="testAggregateAndScalarSubQueryInHaving" classname="org.apache.calcite.test.SqlToRelConverterTest" time="0.021"/>
  <testcase name="testOffsetFetch" classname="org.apache.calcite.test.SqlToRelConverterTest" time="0.02"/>
  <testcase name="testConditionOffByOne" classname="org.apache.calcite.test.SqlToRelConverterTest" time="0.021"/>
  <testcase name="testJoinNaturalNoCommonColumn" classname="org.apache.calcite.test.SqlToRelConverterTest" time="0.02"/>
  <testcase name="testGroupByCaseIn" classname="org.apache.calcite.test.SqlToRelConverterTest" time="0.021"/>
  <testcase name="testExistsCorrelatedLimitDecorrelateRex" classname="org.apache.calcite.test.SqlToRelConverterTest" time="0.021"/>
  <testcase name="testJoinOnExists" classname="org.apache.calcite.test.SqlToRelConverterTest" time="0.02"/>
  <testcase name="testStructType2" classname="org.apache.calcite.test.SqlToRelConverterTest" time="0.019"/>
  <testcase name="testStructType3" classname="org.apache.calcite.test.SqlToRelConverterTest" time="0.021"/>
  <testcase name="testStructType4" classname="org.apache.calcite.test.SqlToRelConverterTest" time="0.022"/>
  <testcase name="testSelectFromDynamicTable" classname="org.apache.calcite.test.SqlToRelConverterTest" time="0.021"/>
  <testcase name="testWithInsideWhereExistsDecorrelateRex" classname="org.apache.calcite.test.SqlToRelConverterTest" time="0.02"/>
  <testcase name="testExistsCorrelatedDecorrelate" classname="org.apache.calcite.test.SqlToRelConverterTest" time="0.021"/>
  <testcase name="testInValueListLong" classname="org.apache.calcite.test.SqlToRelConverterTest" time="0.022"/>
  <testcase name="testWindowAggWithGroupByAndHaving" classname="org.apache.calcite.test.SqlToRelConverterTest" time="0.021"/>
  <testcase name="testJoinUnnest" classname="org.apache.calcite.test.SqlToRelConverterTest" time="0.02"/>
  <testcase name="testAggregateAndScalarSubQueryInSelect" classname="org.apache.calcite.test.SqlToRelConverterTest" time="0.02"/>
  <testcase name="testCollectionTable" classname="org.apache.calcite.test.SqlToRelConverterTest" time="0.021"/>
  <testcase name="testNotInUncorrelatedSubQueryInSelectNotNull" classname="org.apache.calcite.test.SqlToRelConverterTest" time="0.024"/>
  <testcase name="testGroupBug281b" classname="org.apache.calcite.test.SqlToRelConverterTest" time="0.025"/>
  <testcase name="testUnnestWithOrdinality" classname="org.apache.calcite.test.SqlToRelConverterTest" time="0.022"/>
  <testcase name="testCorrelationScalarAggAndFilter" classname="org.apache.calcite.test.SqlToRelConverterTest" time="0.021"/>
  <testcase name="testGroupingSets" classname="org.apache.calcite.test.SqlToRelConverterTest" time="0.019"/>
  <testcase name="testSubQueryValues" classname="org.apache.calcite.test.SqlToRelConverterTest" time="0.02"/>
  <testcase name="testUnnestSelectRex" classname="org.apache.calcite.test.SqlToRelConverterTest" time="0.02"/>
  <testcase name="testJoinWithUnion" classname="org.apache.calcite.test.SqlToRelConverterTest" time="0.02"/>
  <testcase name="testAggScalarSubQuery" classname="org.apache.calcite.test.SqlToRelConverterTest" time="0.021"/>
  <testcase name="testInUncorrelatedSubQuery" classname="org.apache.calcite.test.SqlToRelConverterTest" time="0.029"/>
  <testcase name="testWindowAggWithGroupBy" classname="org.apache.calcite.test.SqlToRelConverterTest" time="0.019"/>
  <testcase name="testSampleSystem" classname="org.apache.calcite.test.SqlToRelConverterTest" time="0.025"/>
  <testcase name="testAggNoDuplicateColumnNames" classname="org.apache.calcite.test.SqlToRelConverterTest" time="0.017"/>
  <testcase name="testJoinUsingThreeWay" classname="org.apache.calcite.test.SqlToRelConverterTest" time="0.229"/>
  <testcase name="testNotInUncorrelatedSubQueryInSelectNotNullRex" classname="org.apache.calcite.test.SqlToRelConverterTest" time="0.22"/>
  <testcase name="testDynStarInExistSubQ" classname="org.apache.calcite.test.SqlToRelConverterTest" time="0.202"/>
  <testcase name="testAggDistinct" classname="org.apache.calcite.test.SqlToRelConverterTest" time="0.02"/>
  <testcase name="testOverAvg2" classname="org.apache.calcite.test.SqlToRelConverterTest" time="0.02"/>
  <testcase name="testOrderByIdenticalExpr" classname="org.apache.calcite.test.SqlToRelConverterTest" time="0.03"/>
  <testcase name="testWithInsideScalarSubQuery" classname="org.apache.calcite.test.SqlToRelConverterTest" time="0.028"/>
  <testcase name="testDelete" classname="org.apache.calcite.test.SqlToRelConverterTest" time="0.027"/>
  <testcase name="testInterval" classname="org.apache.calcite.test.SqlToRelConverterTest" time="0"/>
  <testcase name="testExplainAsXml" classname="org.apache.calcite.test.SqlToRelConverterTest" time="0.001"/>
  <testcase name="testGroupingSetsProduct" classname="org.apache.calcite.test.SqlToRelConverterTest" time="0.022"/>
  <testcase name="testExists" classname="org.apache.calcite.test.SqlToRelConverterTest" time="0.026"/>
  <testcase name="testSelectDistinctDup" classname="org.apache.calcite.test.SqlToRelConverterTest" time="0.024"/>
  <testcase name="testGroupByExpression" classname="org.apache.calcite.test.SqlToRelConverterTest" time="0.034"/>
  <testcase name="testMultiAnd" classname="org.apache.calcite.test.SqlToRelConverterTest" time="0.024"/>
  <testcase name="testMultiset" classname="org.apache.calcite.test.SqlToRelConverterTest" time="0.025"/>
  <testcase name="testInUncorrelatedSubQueryInSelectRex" classname="org.apache.calcite.test.SqlToRelConverterTest" time="0.015"/>
  <testcase name="testCorrelationExistsAndFilterRex" classname="org.apache.calcite.test.SqlToRelConverterTest" time="0.024"/>
  <testcase name="testHaving" classname="org.apache.calcite.test.SqlToRelConverterTest" time="0.024"/>
  <testcase name="testGroupJustOneAgg" classname="org.apache.calcite.test.SqlToRelConverterTest" time="0.025"/>
  <testcase name="testIsNotDistinctFrom" classname="org.apache.calcite.test.SqlToRelConverterTest" time="0.043"/>
  <testcase name="testInsert" classname="org.apache.calcite.test.SqlToRelConverterTest" time="0.032"/>
  <testcase name="testFakeStar" classname="org.apache.calcite.test.SqlToRelConverterTest" time="0.017"/>
  <testcase name="testOrderByAliasInExpr" classname="org.apache.calcite.test.SqlToRelConverterTest" time="0.028"/>
  <testcase name="testJoinOn" classname="org.apache.calcite.test.SqlToRelConverterTest" time="0.009"/>
  <testcase name="testCorrelationJoinRex" classname="org.apache.calcite.test.SqlToRelConverterTest" time="0.049"/>
  <testcase name="testOverOrderWindow" classname="org.apache.calcite.test.SqlToRelConverterTest" time="0.033"/>
  <testcase name="testOrderDescNullsLast" classname="org.apache.calcite.test.SqlToRelConverterTest" time="0.031"/>
  <testcase name="testWithAlias" classname="org.apache.calcite.test.SqlToRelConverterTest" time="0.014"/>
  <testcase name="testMultisetSubQuery" classname="org.apache.calcite.test.SqlToRelConverterTest" time="0.017"/>
  <testcase name="testExistsCorrelatedLimitDecorrelate" classname="org.apache.calcite.test.SqlToRelConverterTest" time="0.028"/>
  <testcase name="testWithOrder" classname="org.apache.calcite.test.SqlToRelConverterTest" time="0.022"/>
  <testcase name="testSingletonGroupingSet" classname="org.apache.calcite.test.SqlToRelConverterTest" time="0.054"/>
  <testcase name="testWithUnion" classname="org.apache.calcite.test.SqlToRelConverterTest" time="0.042"/>
  <testcase name="testSelectWithoutFrom" classname="org.apache.calcite.test.SqlToRelConverterTest" time="0.024"/>
  <testcase name="testOffset" classname="org.apache.calcite.test.SqlToRelConverterTest" time="0.01"/>
  <testcase name="testAliasList2" classname="org.apache.calcite.test.SqlToRelConverterTest" time="0.017"/>
  <testcase name="testWithInsideScalarSubQueryRex" classname="org.apache.calcite.test.SqlToRelConverterTest" time="0.029"/>
  <testcase name="testRollup" classname="org.apache.calcite.test.SqlToRelConverterTest" time="0.038"/>
  <testcase name="testSample" classname="org.apache.calcite.test.SqlToRelConverterTest" time="0.019"/>
  <testcase name="testStream" classname="org.apache.calcite.test.SqlToRelConverterTest" time="0.02"/>
  <testcase name="testReferDynamicStarInSelectWhereGB" classname="org.apache.calcite.test.SqlToRelConverterTest" time="0.028"/>
  <testcase name="testNotLike" classname="org.apache.calcite.test.SqlToRelConverterTest" time="0.028"/>
  <testcase name="testUnnestSelect" classname="org.apache.calcite.test.SqlToRelConverterTest" time="0.046"/>
  <testcase name="testInUncorrelatedSubQueryInSelect" classname="org.apache.calcite.test.SqlToRelConverterTest" time="0.045"/>
  <testcase name="testUnnest" classname="org.apache.calcite.test.SqlToRelConverterTest" time="0.019"/>
  <testcase name="testUpdate" classname="org.apache.calcite.test.SqlToRelConverterTest" time="0.017"/>
  <testcase name="testInUncorrelatedSubQueryInHavingRex" classname="org.apache.calcite.test.SqlToRelConverterTest" time="0.026"/>
  <testcase name="testGroupByCaseSubQuery" classname="org.apache.calcite.test.SqlToRelConverterTest" time="0.008"/>
  <testcase name="testUpdateSubQuery" classname="org.apache.calcite.test.SqlToRelConverterTest" time="0.047"/>
  <testcase name="testSelectDistinctGroup" classname="org.apache.calcite.test.SqlToRelConverterTest" time="0.029"/>
  <testcase name="testCompositeInUncorrelatedSubQueryRex" classname="org.apache.calcite.test.SqlToRelConverterTest" time="0.029"/>
  <testcase name="testSelectView" classname="org.apache.calcite.test.SqlToRelConverterTest" time="0.019"/>
  <testcase name="testUncorrelatedScalarSubQueryInAggregateRex" classname="org.apache.calcite.test.SqlToRelConverterTest" time="0.019"/>
  <testcase name="testGroupExpressionsInsideAndOut" classname="org.apache.calcite.test.SqlToRelConverterTest" time="0.026"/>
  <testcase name="testDuplicateColumnsInSubQuery" classname="org.apache.calcite.test.SqlToRelConverterTest" time="0.025"/>
  <testcase name="testMultisetOfColumnsRex" classname="org.apache.calcite.test.SqlToRelConverterTest" time="0.025"/>
  <testcase name="testJoinOnInSubQuery" classname="org.apache.calcite.test.SqlToRelConverterTest" time="0.028"/>
  <testcase name="testSubQueryLimitOne" classname="org.apache.calcite.test.SqlToRelConverterTest" time="0.03"/>
  <testcase name="testWindowAggInSubQueryJoin" classname="org.apache.calcite.test.SqlToRelConverterTest" time="0.023"/>
</testsuite>