<?xml version="1.0" encoding="UTF-8"?>
<testsuite name="org.apache.calcite.test.UdfTest" time="1.933" tests="18" errors="0" skipped="0" failures="0">
  <properties>
[...]
</properties>
  <testcase name="testNotNullImplementor" classname="org.apache.calcite.test.UdfTest" time="0.253"/>
  <testcase name="testUserDefinedAggregateFunction3" classname="org.apache.calcite.test.UdfTest" time="0.01"/>
  <testcase name="testUdfOverloadedNullable" classname="org.apache.calcite.test.UdfTest" time="0.037"/>
  <testcase name="testDate" classname="org.apache.calcite.test.UdfTest" time="0.224"/>
  <testcase name="testPath" classname="org.apache.calcite.test.UdfTest" time="0.153"/>
  <testcase name="testUdfOverloaded" classname="org.apache.calcite.test.UdfTest" time="0.143"/>
  <testcase name="testUserDefinedAggregateFunction" classname="org.apache.calcite.test.UdfTest" time="0.134"/>
  <testcase name="testUdfArgumentOptional" classname="org.apache.calcite.test.UdfTest" time="0.292"/>
  <testcase name="testUserDefinedAggregateFunctionWithFilter" classname="org.apache.calcite.test.UdfTest" time="0.079"/>
  <testcase name="testUserDefinedFunction" classname="org.apache.calcite.test.UdfTest" time="0.022"/>
  <testcase name="testUserDefinedFunctionWithMethodName" classname="org.apache.calcite.test.UdfTest" time="0.108"/>
  <testcase name="testUserDefinedFunctionInView" classname="org.apache.calcite.test.UdfTest" time="0.044"/>
  <testcase name="testReturnDate" classname="org.apache.calcite.test.UdfTest" time="0.169"/>
  <testcase name="testUdfDerivedReturnType" classname="org.apache.calcite.test.UdfTest" time="0.076"/>
  <testcase name="testUdfArgumentName" classname="org.apache.calcite.test.UdfTest" time="0.097"/>
  <testcase name="testUserDefinedFunction2" classname="org.apache.calcite.test.UdfTest" time="0.003"/>
  <testcase name="testUserDefinedFunctionB" classname="org.apache.calcite.test.UdfTest" time="0.019"/>
  <testcase name="testReturnDate2" classname="org.apache.calcite.test.UdfTest" time="0.07"/>
</testsuite>