<?xml version="1.0" encoding="UTF-8"?>
<testsuite name="org.apache.calcite.test.ReflectiveSchemaTest" time="9.205" tests="29" errors="0" skipped="5" failures="0">
  <properties>
[...]
</properties>
  <testcase name="testTableMacroIsView" classname="org.apache.calcite.test.ReflectiveSchemaTest" time="0">
    <skipped/>
  </testcase>
  <testcase name="testAggregateFunctions" classname="org.apache.calcite.test.ReflectiveSchemaTest" time="1.199"/>
  <testcase name="testQueryProvider" classname="org.apache.calcite.test.ReflectiveSchemaTest" time="0.054"/>
  <testcase name="testWhereNOT" classname="org.apache.calcite.test.ReflectiveSchemaTest" time="0.022"/>
  <testcase name="testColumnTypes" classname="org.apache.calcite.test.ReflectiveSchemaTest" time="0.024"/>
  <testcase name="testArrayOfBoxedPrimitives" classname="org.apache.calcite.test.ReflectiveSchemaTest" time="0">
    <skipped message="java.lang.AssertionError RelDataTypeImpl.getFieldList(RelDataTypeImpl.java:99)"/>
  </testcase>
  <testcase name="testView" classname="org.apache.calcite.test.ReflectiveSchemaTest" time="0.035"/>
  <testcase name="testArrayOfPrimitives" classname="org.apache.calcite.test.ReflectiveSchemaTest" time="0">
    <skipped message="java.lang.AssertionError RelDataTypeImpl.getFieldList(RelDataTypeImpl.java:99)"/>
  </testcase>
  <testcase name="testSelectNOT" classname="org.apache.calcite.test.ReflectiveSchemaTest" time="0.014"/>
  <testcase name="testSchemaFieldHasBadType" classname="org.apache.calcite.test.ReflectiveSchemaTest" time="0.017"/>
  <testcase name="testClassNames" classname="org.apache.calcite.test.ReflectiveSchemaTest" time="0.011"/>
  <testcase name="testDivideWraperWrapper" classname="org.apache.calcite.test.ReflectiveSchemaTest" time="0.039"/>
  <testcase name="testOp" classname="org.apache.calcite.test.ReflectiveSchemaTest" time="7.318"/>
  <testcase name="testDateColumn" classname="org.apache.calcite.test.ReflectiveSchemaTest" time="0.006"/>
  <testcase name="testCustomBoxedSalarCalc" classname="org.apache.calcite.test.ReflectiveSchemaTest" time="0.009"/>
  <testcase name="testOperator" classname="org.apache.calcite.test.ReflectiveSchemaTest" time="0">
    <skipped/>
  </testcase>
  <testcase name="testQueryProviderSingleColumn" classname="org.apache.calcite.test.ReflectiveSchemaTest" time="0.007"/>
  <testcase name="testJavaBoolean" classname="org.apache.calcite.test.ReflectiveSchemaTest" time="0.178"/>
  <testcase name="testCustomBoxedScalar" classname="org.apache.calcite.test.ReflectiveSchemaTest" time="0.01"/>
  <testcase name="testNoPublicFields" classname="org.apache.calcite.test.ReflectiveSchemaTest" time="0.012"/>
  <testcase name="testAvgInt" classname="org.apache.calcite.test.ReflectiveSchemaTest" time="0.03"/>
  <testcase name="testDivideWraperPrimitive" classname="org.apache.calcite.test.ReflectiveSchemaTest" time="0.028"/>
  <testcase name="testCastFromString" classname="org.apache.calcite.test.ReflectiveSchemaTest" time="0.022"/>
  <testcase name="testCompareJavaAndSqlTypes" classname="org.apache.calcite.test.ReflectiveSchemaTest" time="0.051"/>
  <testcase name="testDivideWraperWrapperMultipleTimes" classname="org.apache.calcite.test.ReflectiveSchemaTest" time="0.045"/>
  <testcase name="testTableFieldHasBadType" classname="org.apache.calcite.test.ReflectiveSchemaTest" time="0.009"/>
  <testcase name="testPrefix" classname="org.apache.calcite.test.ReflectiveSchemaTest" time="0.016"/>
  <testcase name="testViewPath" classname="org.apache.calcite.test.ReflectiveSchemaTest" time="0.049"/>
  <testcase name="testTableMacro" classname="org.apache.calcite.test.ReflectiveSchemaTest" time="0">
    <skipped/>
  </testcase>
</testsuite>