<?xml version="1.0" encoding="UTF-8"?>
<testsuite name="org.apache.calcite.sql.test.SqlTypeNameTest" time="0.002" tests="36" errors="0" skipped="0" failures="0">
  <properties>
[...]
</properties>
  <testcase name="testDatalink" classname="org.apache.calcite.sql.test.SqlTypeNameTest" time="0.001"/>
  <testcase name="testLongvarbinary" classname="org.apache.calcite.sql.test.SqlTypeNameTest" time="0"/>
  <testcase name="testTinyint" classname="org.apache.calcite.sql.test.SqlTypeNameTest" time="0"/>
  <testcase name="testBit" classname="org.apache.calcite.sql.test.SqlTypeNameTest" time="0"/>
  <testcase name="testRef" classname="org.apache.calcite.sql.test.SqlTypeNameTest" time="0"/>
  <testcase name="testArray" classname="org.apache.calcite.sql.test.SqlTypeNameTest" time="0"/>
  <testcase name="testFloat" classname="org.apache.calcite.sql.test.SqlTypeNameTest" time="0"/>
  <testcase name="testNchar" classname="org.apache.calcite.sql.test.SqlTypeNameTest" time="0.001"/>
  <testcase name="testNclob" classname="org.apache.calcite.sql.test.SqlTypeNameTest" time="0"/>
  <testcase name="testOther" classname="org.apache.calcite.sql.test.SqlTypeNameTest" time="0"/>
  <testcase name="testRowid" classname="org.apache.calcite.sql.test.SqlTypeNameTest" time="0"/>
  <testcase name="testBlob" classname="org.apache.calcite.sql.test.SqlTypeNameTest" time="0"/>
  <testcase name="testChar" classname="org.apache.calcite.sql.test.SqlTypeNameTest" time="0"/>
  <testcase name="testClob" classname="org.apache.calcite.sql.test.SqlTypeNameTest" time="0"/>
  <testcase name="testDate" classname="org.apache.calcite.sql.test.SqlTypeNameTest" time="0"/>
  <testcase name="testNull" classname="org.apache.calcite.sql.test.SqlTypeNameTest" time="0"/>
  <testcase name="testReal" classname="org.apache.calcite.sql.test.SqlTypeNameTest" time="0"/>
  <testcase name="testTime" classname="org.apache.calcite.sql.test.SqlTypeNameTest" time="0"/>
  <testcase name="testJavaobject" classname="org.apache.calcite.sql.test.SqlTypeNameTest" time="0"/>
  <testcase name="testNvarchar" classname="org.apache.calcite.sql.test.SqlTypeNameTest" time="0"/>
  <testcase name="testBoolean" classname="org.apache.calcite.sql.test.SqlTypeNameTest" time="0"/>
  <testcase name="testVarchar" classname="org.apache.calcite.sql.test.SqlTypeNameTest" time="0"/>
  <testcase name="testSmallint" classname="org.apache.calcite.sql.test.SqlTypeNameTest" time="0"/>
  <testcase name="testVarbinary" classname="org.apache.calcite.sql.test.SqlTypeNameTest" time="0"/>
  <testcase name="testLongvarchar" classname="org.apache.calcite.sql.test.SqlTypeNameTest" time="0"/>
  <testcase name="testTimestamp" classname="org.apache.calcite.sql.test.SqlTypeNameTest" time="0"/>
  <testcase name="testDistinct" classname="org.apache.calcite.sql.test.SqlTypeNameTest" time="0"/>
  <testcase name="testDecimal" classname="org.apache.calcite.sql.test.SqlTypeNameTest" time="0"/>
  <testcase name="testBigint" classname="org.apache.calcite.sql.test.SqlTypeNameTest" time="0"/>
  <testcase name="testBinary" classname="org.apache.calcite.sql.test.SqlTypeNameTest" time="0"/>
  <testcase name="testDouble" classname="org.apache.calcite.sql.test.SqlTypeNameTest" time="0"/>
  <testcase name="testLongnvarchar" classname="org.apache.calcite.sql.test.SqlTypeNameTest" time="0"/>
  <testcase name="testInteger" classname="org.apache.calcite.sql.test.SqlTypeNameTest" time="0"/>
  <testcase name="testSqlxml" classname="org.apache.calcite.sql.test.SqlTypeNameTest" time="0"/>
  <testcase name="testStruct" classname="org.apache.calcite.sql.test.SqlTypeNameTest" time="0"/>
  <testcase name="testNumeric" classname="org.apache.calcite.sql.test.SqlTypeNameTest" time="0"/>
</testsuite>