<?xml version="1.0" encoding="UTF-8"?>
<testsuite name="org.apache.calcite.test.LatticeTest" time="268.86" tests="35" errors="0" skipped="2" failures="0">
  <properties>
[...]
</properties>
  <testcase name="testMeasureArgIsInvalidColumn" classname="org.apache.calcite.test.LatticeTest" time="0"/>
  <testcase name="testLatticeInvalidSql" classname="org.apache.calcite.test.LatticeTest" time="0.033"/>
  <testcase name="testSum" classname="org.apache.calcite.test.LatticeTest" time="1.422"/>
  <testcase name="testLatticeInvalidSqlFails" classname="org.apache.calcite.test.LatticeTest" time="0.014"/>
  <testcase name="testAllFoodmartQueries" classname="org.apache.calcite.test.LatticeTest" time="0">
    <skipped/>
  </testcase>
  <testcase name="testJG" classname="org.apache.calcite.test.LatticeTest" time="1.051"/>
  <testcase name="testTwoLattices" classname="org.apache.calcite.test.LatticeTest" time="52.029"/>
  <testcase name="testLatticeSqlWithGroupByFails" classname="org.apache.calcite.test.LatticeTest" time="0.036"/>
  <testcase name="testLatticeWithSameNameAsTable" classname="org.apache.calcite.test.LatticeTest" time="0.047"/>
  <testcase name="testGroupByEmptyWithPrelude" classname="org.apache.calcite.test.LatticeTest" time="1.136"/>
  <testcase name="testTileAlgorithm2" classname="org.apache.calcite.test.LatticeTest" time="129.14"/>
  <testcase name="testDistinctCount" classname="org.apache.calcite.test.LatticeTest" time="0.811"/>
  <testcase name="testLatticeRecognizeJoin" classname="org.apache.calcite.test.LatticeTest" time="0.082"/>
  <testcase name="testLatticeInvalidSql2" classname="org.apache.calcite.test.LatticeTest" time="0.028"/>
  <testcase name="testTwoLatticesWithSameNameFails" classname="org.apache.calcite.test.LatticeTest" time="0.034"/>
  <testcase name="testGroupByEmpty2" classname="org.apache.calcite.test.LatticeTest" time="0.198"/>
  <testcase name="testGroupByEmpty3" classname="org.apache.calcite.test.LatticeTest" time="0.325"/>
  <testcase name="testLatticeWithBadRowCountEstimate" classname="org.apache.calcite.test.LatticeTest" time="0">
    <skipped/>
  </testcase>
  <testcase name="testLatticeSqlWithOrderByFails" classname="org.apache.calcite.test.LatticeTest" time="0.02"/>
  <testcase name="testDistinctCount2" classname="org.apache.calcite.test.LatticeTest" time="0.791"/>
  <testcase name="testLatticeWithNoMeasures" classname="org.apache.calcite.test.LatticeTest" time="0"/>
  <testcase name="testLatticeWithPreDefinedTiles" classname="org.apache.calcite.test.LatticeTest" time="0.578"/>
  <testcase name="testLatticeWithPreDefinedTilesFewerMeasures" classname="org.apache.calcite.test.LatticeTest" time="1.292"/>
  <testcase name="testGroupByEmpty" classname="org.apache.calcite.test.LatticeTest" time="0.055"/>
  <testcase name="testMeasureAggIsInvalid" classname="org.apache.calcite.test.LatticeTest" time="0"/>
  <testcase name="testMeasureArgIsNotUniqueAlias" classname="org.apache.calcite.test.LatticeTest" time="0"/>
  <testcase name="testLatticeSqlWithJoin" classname="org.apache.calcite.test.LatticeTest" time="0.027"/>
  <testcase name="testTileAlgorithm" classname="org.apache.calcite.test.LatticeTest" time="74.827"/>
  <testcase name="testLatticeWithPreDefinedTilesRollUp" classname="org.apache.calcite.test.LatticeTest" time="1.099"/>
  <testcase name="testOneLatticeOneMV" classname="org.apache.calcite.test.LatticeTest" time="1.93"/>
  <testcase name="testDimensionIsInvalidColumn" classname="org.apache.calcite.test.LatticeTest" time="0.001"/>
  <testcase name="testTileWithNoMeasures" classname="org.apache.calcite.test.LatticeTest" time="0"/>
  <testcase name="testLatticeSqlWithUnionFails" classname="org.apache.calcite.test.LatticeTest" time="0.024"/>
  <testcase name="testLatticeRecognizeGroupJoin" classname="org.apache.calcite.test.LatticeTest" time="1.808"/>
  <testcase name="testLatticeStarTable" classname="org.apache.calcite.test.LatticeTest" time="0.022"/>
</testsuite>